<?xml version="1.0" encoding="UTF-8"?>
<!-- Generated by org.testng.reporters.JUnitXMLReporter -->
<testsuite ignored="0" hostname="DESKTOP-5V553F8" failures="0" tests="5" name="Test" time="47.675" errors="0" timestamp="2025-10-27T21:40:13 IST">
  <testcase classname="testscript.LoginTestCase" name="validateUserloginWithValidCredentials" time="3.38"/>
  <testcase classname="testscript.LoginTestCase" name="valideUserLoginWithValidUsernameInvalidPassword" time="1.057"/>
  <testcase classname="testscript.LoginTestCase" name="validateUserLoginWithInvalidUsernameValidPAssword" time="0.794"/>
  <testcase classname="testscript.LoginTestCase" name="validateUserLoginWithInvalidUsernameinValidPAssword" time="0.828"/>
  <testcase classname="testscript.LoginTestCase" name="validateUserLoginWithInvalidUsernameinValidPAssword" time="1.865"/>
</testsuite> <!-- Test -->
