<?xml version="1.0" encoding="UTF-8"?>
<!-- Generated by org.testng.reporters.JUnitXMLReporter -->
<testsuite ignored="0" hostname="DESKTOP-5V553F8" failures="0" tests="3" name="Test2" time="71.921" errors="0" timestamp="2025-10-27T07:48:34 IST">
  <testcase classname="testscript.HomeTestCase" name="validateUserSuccessfullyLogout" time="5.087"/>
  <testcase classname="testscript.HomeTestCase" name="validatetheUSerIsSuccessfullyNaviagtetoAdminUSersPAge" time="4.822"/>
  <testcase classname="testscript.HomeTestCase" name="validatetheUserIsSuccessfullyNavigatetoManageNewsPage" time="0.0">
    <skipped/>
  </testcase> <!-- validatetheUserIsSuccessfullyNavigatetoManageNewsPage -->
</testsuite> <!-- Test2 -->
