# JRE version: OpenJDK Runtime Environment Temurin-21.0.8+9 (21.0.8+9) (build 21.0.8+9-LTS)
# Java VM: OpenJDK 64-Bit Server VM Temurin-21.0.8+9 (21.0.8+9-LTS, mixed mode, sharing, tiered, compressed oops, compressed class ptrs, g1 gc, windows-amd64)
GC Precious Log:
 CardTable entry size: 512
 Card Set container configuration: InlinePtr #cards 5 size 8 Array Of Cards #cards 12 size 40 Howl #buckets 4 coarsen threshold 1843 Howl Bitmap #cards 512 size 80 coarsen threshold 460 Card regions per heap region 1 cards per card region 2048
 CPUs: 8 total, 8 available
 Memory: 7890M
 Large Page Support: Disabled
 NUMA Support: Disabled
 Compressed Oops: Enabled (32-bit)
 Heap Region Size: 1M
 Heap Min Capacity: 8M
 Heap Initial Capacity: 124M
 Heap Max Capacity: 1974M
 Pre-touch: Disabled
 Parallel Workers: 8
 Concurrent Workers: 2
 Concurrent Refinement Workers: 8
 Periodic GC: Disabled
Heap:
 garbage-first heap   total 65536K, used 25719K [0x0000000084a00000, 0x0000000100000000)
  region size 1024K, 2 young (2048K), 1 survivors (1024K)
 Metaspace       used 31828K, committed 32320K, reserved 1114112K
  class space    used 3814K, committed 4032K, reserved 1048576K
GC Heap History (20 events):
Event: 3.151 GC heap after
{Heap after GC invocations=2 (full 0):
 garbage-first heap   total 126976K, used 11182K [0x0000000084a00000, 0x0000000100000000)
  region size 1024K, 4 young (4096K), 4 survivors (4096K)
 Metaspace       used 15376K, committed 15872K, reserved 1114112K
  class space    used 1870K, committed 2112K, reserved 1048576K
}
Event: 19.102 GC heap before
{Heap before GC invocations=2 (full 0):
 garbage-first heap   total 126976K, used 33710K [0x0000000084a00000, 0x0000000100000000)
  region size 1024K, 27 young (27648K), 4 survivors (4096K)
 Metaspace       used 21063K, committed 21504K, reserved 1114112K
  class space    used 2598K, committed 2816K, reserved 1048576K
}
Event: 19.110 GC heap after
{Heap after GC invocations=3 (full 0):
 garbage-first heap   total 126976K, used 12829K [0x0000000084a00000, 0x0000000100000000)
  region size 1024K, 5 young (5120K), 5 survivors (5120K)
 Metaspace       used 21063K, committed 21504K, reserved 1114112K
  class space    used 2598K, committed 2816K, reserved 1048576K
}
Event: 20.043 GC heap before
{Heap before GC invocations=4 (full 0):
 garbage-first heap   total 45056K, used 34333K [0x0000000084a00000, 0x0000000100000000)
  region size 1024K, 26 young (26624K), 5 survivors (5120K)
 Metaspace       used 26178K, committed 26688K, reserved 1114112K
  class space    used 3223K, committed 3456K, reserved 1048576K
}
Event: 20.049 GC heap after
{Heap after GC invocations=5 (full 0):
 garbage-first heap   total 45056K, used 14427K [0x0000000084a00000, 0x0000000100000000)
  region size 1024K, 4 young (4096K), 4 survivors (4096K)
 Metaspace       used 26178K, committed 26688K, reserved 1114112K
  class space    used 3223K, committed 3456K, reserved 1048576K
}
Event: 20.080 GC heap before
{Heap before GC invocations=5 (full 0):
 garbage-first heap   total 45056K, used 33883K [0x0000000084a00000, 0x0000000100000000)
  region size 1024K, 23 young (23552K), 4 survivors (4096K)
 Metaspace       used 26178K, committed 26688K, reserved 1114112K
  class space    used 3223K, committed 3456K, reserved 1048576K
}
Event: 20.084 GC heap after
{Heap after GC invocations=6 (full 0):
 garbage-first heap   total 45056K, used 14865K [0x0000000084a00000, 0x0000000100000000)
  region size 1024K, 3 young (3072K), 3 survivors (3072K)
 Metaspace       used 26178K, committed 26688K, reserved 1114112K
  class space    used 3223K, committed 3456K, reserved 1048576K
}
Event: 20.205 GC heap before
{Heap before GC invocations=6 (full 0):
 garbage-first heap   total 45056K, used 34321K [0x0000000084a00000, 0x0000000100000000)
  region size 1024K, 22 young (22528K), 3 survivors (3072K)
 Metaspace       used 26814K, committed 27328K, reserved 1114112K
  class space    used 3306K, committed 3520K, reserved 1048576K
}
Event: 20.209 GC heap after
{Heap after GC invocations=7 (full 0):
 garbage-first heap   total 45056K, used 15556K [0x0000000084a00000, 0x0000000100000000)
  region size 1024K, 2 young (2048K), 2 survivors (2048K)
 Metaspace       used 26814K, committed 27328K, reserved 1114112K
  class space    used 3306K, committed 3520K, reserved 1048576K
}
Event: 45.488 GC heap before
{Heap before GC invocations=7 (full 0):
 garbage-first heap   total 45056K, used 36036K [0x0000000084a00000, 0x0000000100000000)
  region size 1024K, 22 young (22528K), 2 survivors (2048K)
 Metaspace       used 29381K, committed 29888K, reserved 1114112K
  class space    used 3604K, committed 3840K, reserved 1048576K
}
Event: 45.498 GC heap after
{Heap after GC invocations=8 (full 0):
 garbage-first heap   total 45056K, used 16693K [0x0000000084a00000, 0x0000000100000000)
  region size 1024K, 3 young (3072K), 3 survivors (3072K)
 Metaspace       used 29381K, committed 29888K, reserved 1114112K
  class space    used 3604K, committed 3840K, reserved 1048576K
}
Event: 204.849 GC heap before
{Heap before GC invocations=8 (full 0):
 garbage-first heap   total 45056K, used 37173K [0x0000000084a00000, 0x0000000100000000)
  region size 1024K, 23 young (23552K), 3 survivors (3072K)
 Metaspace       used 30979K, committed 31488K, reserved 1114112K
  class space    used 3744K, committed 3968K, reserved 1048576K
}
Event: 204.923 GC heap after
{Heap after GC invocations=9 (full 0):
 garbage-first heap   total 45056K, used 17761K [0x0000000084a00000, 0x0000000100000000)
  region size 1024K, 3 young (3072K), 3 survivors (3072K)
 Metaspace       used 30979K, committed 31488K, reserved 1114112K
  class space    used 3744K, committed 3968K, reserved 1048576K
}
Event: 205.664 GC heap before
{Heap before GC invocations=9 (full 0):
 garbage-first heap   total 45056K, used 37217K [0x0000000084a00000, 0x0000000100000000)
  region size 1024K, 22 young (22528K), 3 survivors (3072K)
 Metaspace       used 31056K, committed 31552K, reserved 1114112K
  class space    used 3753K, committed 3968K, reserved 1048576K
}
Event: 205.683 GC heap after
{Heap after GC invocations=10 (full 0):
 garbage-first heap   total 45056K, used 20672K [0x0000000084a00000, 0x0000000100000000)
  region size 1024K, 3 young (3072K), 3 survivors (3072K)
 Metaspace       used 31056K, committed 31552K, reserved 1114112K
  class space    used 3753K, committed 3968K, reserved 1048576K
}
Event: 205.902 GC heap before
{Heap before GC invocations=10 (full 0):
 garbage-first heap   total 45056K, used 38080K [0x0000000084a00000, 0x0000000100000000)
  region size 1024K, 20 young (20480K), 3 survivors (3072K)
 Metaspace       used 31135K, committed 31616K, reserved 1114112K
  class space    used 3760K, committed 3968K, reserved 1048576K
}
Event: 205.922 GC heap after
{Heap after GC invocations=11 (full 0):
 garbage-first heap   total 65536K, used 23918K [0x0000000084a00000, 0x0000000100000000)
  region size 1024K, 3 young (3072K), 3 survivors (3072K)
 Metaspace       used 31135K, committed 31616K, reserved 1114112K
  class space    used 3760K, committed 3968K, reserved 1048576K
}
Event: 217.145 GC heap before
{Heap before GC invocations=11 (full 0):
 garbage-first heap   total 65536K, used 52590K [0x0000000084a00000, 0x0000000100000000)
  region size 1024K, 32 young (32768K), 3 survivors (3072K)
 Metaspace       used 31579K, committed 32064K, reserved 1114112K
  class space    used 3792K, committed 3968K, reserved 1048576K
}
Event: 217.158 GC heap after
{Heap after GC invocations=12 (full 0):
 garbage-first heap   total 65536K, used 28165K [0x0000000084a00000, 0x0000000100000000)
  region size 1024K, 4 young (4096K), 4 survivors (4096K)
 Metaspace       used 31579K, committed 32064K, reserved 1114112K
  class space    used 3792K, committed 3968K, reserved 1048576K
}
Event: 266.172 GC heap before
{Heap before GC invocations=12 (full 0):
 garbage-first heap   total 65536K, used 53765K [0x0000000084a00000, 0x0000000100000000)
  region size 1024K, 30 young (30720K), 4 survivors (4096K)
 Metaspace       used 31685K, committed 32128K, reserved 1114112K
  class space    used 3794K, committed 3968K, reserved 1048576K
}

