<?xml version="1.0" encoding="UTF-8"?>
<!-- Generated by org.testng.reporters.JUnitXMLReporter -->
<testsuite ignored="0" hostname="DESKTOP-5V553F8" failures="0" tests="5" name="Test" time="62.438" errors="0" timestamp="2025-10-27T07:04:50 IST">
  <testcase classname="testscript.LoginTestCase" name="validateUserloginWithValidCredentials" time="4.129"/>
  <testcase classname="testscript.LoginTestCase" name="valideUserLoginWithValidUsernameInvalidPassword" time="1.329"/>
  <testcase classname="testscript.LoginTestCase" name="validateUserLoginWithInvalidUsernameValidPAssword" time="2.219"/>
  <testcase classname="testscript.LoginTestCase" name="validateUserLoginWithInvalidUsernameinValidPAssword" time="2.771"/>
  <testcase classname="testscript.LoginTestCase" name="validateUserLoginWithInvalidUsernameinValidPAssword" time="2.133"/>
</testsuite> <!-- Test -->
