<?xml version="1.0" encoding="UTF-8"?>
<testsuite xmlns:xsi="http://www.w3.org/2001/XMLSchema-instance" xsi:noNamespaceSchemaLocation="https://maven.apache.org/surefire/maven-surefire-plugin/xsd/surefire-test-report-3.0.xsd" version="3.0" name="TestSuite" time="50.896" tests="5" errors="0" skipped="0" failures="0">
  <properties>
[...]
</properties>
  <testcase name="validateUserloginWithValidCredentials" classname="testscript.LoginTestCase" time="3.388">
    <system-err><![CDATA[SLF4J: Failed to load class "org.slf4j.impl.StaticLoggerBinder".
SLF4J: Defaulting to no-operation (NOP) logger implementation
SLF4J: See http://www.slf4j.org/codes.html#StaticLoggerBinder for further details.
]]></system-err>
  </testcase>
  <testcase name="valideUserLoginWithValidUsernameInvalidPassword" classname="testscript.LoginTestCase" time="1.086"/>
  <testcase name="validateUserLoginWithInvalidUsernameValidPAssword" classname="testscript.LoginTestCase" time="0.794"/>
  <testcase name="validateUserLoginWithInvalidUsernameinValidPAssword[admin, admin22](1)" classname="testscript.LoginTestCase" time="0.832"/>
  <testcase name="validateUserLoginWithInvalidUsernameinValidPAssword[admin123, 123](2)" classname="testscript.LoginTestCase" time="1.863"/>
</testsuite>