<?xml version="1.0" encoding="UTF-8"?>
<!-- Generated by org.testng.reporters.JUnitXMLReporter -->
<testsuite ignored="0" hostname="DESKTOP-5V553F8" failures="0" tests="3" name="edgeTest" time="9.6" errors="0" timestamp="2025-10-23T12:35:29 IST">
  <testcase classname="testscript.HomeTestCase" name="validateUserSuccessfullyLogout" time="0.0">
    <skipped/>
  </testcase> <!-- validateUserSuccessfullyLogout -->
  <testcase classname="testscript.HomeTestCase" name="validatetheUSerIsSuccessfullyNaviagtetoAdminUSersPAge" time="0.0">
    <skipped/>
  </testcase> <!-- validatetheUSerIsSuccessfullyNaviagtetoAdminUSersPAge -->
  <testcase classname="testscript.HomeTestCase" name="validatetheUserIsSuccessfullyNavigatetoManageNewsPage" time="0.0">
    <skipped/>
  </testcase> <!-- validatetheUserIsSuccessfullyNavigatetoManageNewsPage -->
</testsuite> <!-- edgeTest -->
