<?xml version="1.0" encoding="UTF-8"?>
<!-- Generated by org.testng.reporters.JUnitXMLReporter -->
<testsuite ignored="0" hostname="DESKTOP-5V553F8" failures="0" tests="3" name="firefoxTest" time="28.86" errors="0" timestamp="2025-10-23T12:35:19 IST">
  <testcase classname="testscript.HomeTestCase" name="validateUserSuccessfullyLogout" time="4.225"/>
  <testcase classname="testscript.HomeTestCase" name="validatetheUSerIsSuccessfullyNaviagtetoAdminUSersPAge" time="2.472"/>
  <testcase classname="testscript.HomeTestCase" name="validatetheUserIsSuccessfullyNavigatetoManageNewsPage" time="1.328"/>
</testsuite> <!-- firefoxTest -->
