<?xml version="1.0" encoding="UTF-8"?>
<!-- Generated by org.testng.reporters.JUnitXMLReporter -->
<testsuite ignored="3" hostname="DESKTOP-5V553F8" failures="0" tests="0" time="0.009" errors="0" timestamp="2025-10-25T11:31:21 IST">
  <testcase classname="testscript.HomeTestCase" name="validatetheUserIsSuccessfullyNavigatetoManageNewsPage" time="0.0">
    <ignored/>
  </testcase> <!-- validatetheUserIsSuccessfullyNavigatetoManageNewsPage -->
  <testcase classname="testscript.HomeTestCase" name="validatetheUSerIsSuccessfullyNaviagtetoAdminUSersPAge" time="0.0">
    <ignored/>
  </testcase> <!-- validatetheUSerIsSuccessfullyNaviagtetoAdminUSersPAge -->
  <testcase classname="testscript.HomeTestCase" name="validateUserSuccessfullyLogout" time="0.0">
    <ignored/>
  </testcase> <!-- validateUserSuccessfullyLogout -->
</testsuite>
